===========================
-755.014731011 0.75553660797 0.128199684581
-733.830247018 0.75553660797 0.128199684581
-712.645763026 0.75553660797 0.128199684581
-691.461279033 0.75553660797 0.128199684581
-670.276795041 0.755534795439 0.128199684581
-649.092311048 0.755525732377 0.128199684581
-627.907827056 0.755498539161 0.128199684581
-606.723343063 0.755411480201 0.128199684581
-585.538859071 0.755113560405 0.128230013345
-564.354375078 0.754402169055 0.1283513284
-543.169891086 0.752828024618 0.129048889967
-521.985407093 0.749912774381 0.130201382992
-500.800923101 0.744688100105 0.13290064297
-479.616439108 0.736651677675 0.1385721218
-458.431955116 0.725263096498 0.147640422176
-437.247471123 0.709694744535 0.162137571273
-416.062987131 0.689242427098 0.185460390634
-394.878503139 0.662976705202 0.218640058231
-373.694019146 0.630702373352 0.25694528691
-352.509535154 0.592430067121 0.306441829431
-331.325051161 0.547659551117 0.364733713454
-310.140567169 0.498081958229 0.427028994298
-288.956083176 0.445475950219 0.495935945651
-267.771599184 0.389271690005 0.563902705326
-246.587115191 0.332226182761 0.629807109062
-225.402631199 0.279473787723 0.692163047434
-204.218147206 0.228652973378 0.749211452141
-183.033663214 0.183820981237 0.799071939828
-161.849179221 0.144073516432 0.840622346233
-140.664695229 0.108961193384 0.878836588621
-119.480211236 0.0800993220434 0.906435763678
-98.2957272438 0.0596086931721 0.930031541914
-77.1112432514 0.0424580356624 0.948744389179
-55.9267592589 0.0300070604848 0.965061264103
-34.7422752664 0.02084694423 0.974978769865
-13.5577912739 0.0145551271706 0.981651097901
7.62669271856 0.0102065321806 0.987686521897
28.811176711 0.00737574133727 0.991416959845
49.9956607035 0.00500935481924 0.994085891059
71.180144696 0.00320454682871 0.995996603178
92.3646286885 0.00226949496172 0.997422055077
113.549112681 0.00175597941266 0.998271260463
134.733596673 0.00130243828563 0.998817178212
155.918080666 0.0010906446922 0.999181123377
177.102564658 0.000969579444916 0.99936309596
198.287048651 0.000757644634361 0.999545068543
219.471532643 0.000545619884814 0.999605726071
240.656016636 0.000454724588474 0.999666383598
261.840500628 0.000424422482265 0.999727041126
283.024984621 0.00039411853873 0.999787698653
304.209468613 0.000363812757701 0.999787698653
325.393952606 0.000333505139011 0.999787698653
346.578436598 0.000333505139011 0.999787698653
367.762920591 0.000333505139011 0.999787698653
388.947404583 0.000333505139011 0.999787698653
410.131888576 0.000272884387981 0.999787698653
431.316372568 0.000272884387981 0.999787698653
452.500856561 0.000242571255306 0.999818027417
473.685340553 0.000212256284302 0.999818027417
494.869824546 0.000212256284302 0.999818027417
516.054308538 0.000212256284302 0.999818027417
537.238792531 0.000181939474801 0.999818027417
558.423276523 0.000181939474801 0.999818027417
579.607760515 0.000181939474801 0.999818027417
600.792244508 9.09780136467e-05 0.999818027417
621.9767285 3.03278439936e-05 0.999818027417
643.161212493 3.03278439936e-05 0.999818027417
664.345696485 0.0 0.999848356181
685.530180478 0.0 0.999848356181
706.71466447 0.0 0.999848356181
727.899148463 0.0 0.999878684945
749.083632455 0.0 0.999878684945
770.268116448 0.0 0.999878684945
791.45260044 0.0 0.999878684945
812.637084433 0.0 0.999878684945
833.821568425 0.0 0.999909013709
855.006052418 0.0 0.999909013709
876.19053641 0.0 0.999909013709
897.375020403 0.0 0.999909013709
918.559504395 0.0 0.999909013709
939.743988388 0.0 0.999909013709
960.92847238 0.0 0.999909013709
982.112956373 0.0 0.999909013709
1003.29744037 0.0 0.999909013709
1024.48192436 0.0 0.999939342472
1045.66640835 0.0 0.999939342472
1066.85089234 0.0 0.999939342472
1088.03537633 0.0 0.999939342472
1109.21986033 0.0 0.999939342472
1130.40434432 0.0 0.999939342472
1151.58882831 0.0 0.999939342472
1172.7733123 0.0 0.999939342472
1193.9577963 0.0 0.999939342472
1215.14228029 0.0 0.999969671236
1236.32676428 0.0 1.0
1257.51124827 0.0 1.0
1278.69573227 0.0 1.0
1299.88021626 0.0 1.0
1321.06470025 0.0 1.0
1342.24918424 0.0 1.0
0.445475950219 0.495935945651 -288.956083176
===========================
-755.014731011 0.776700212654 0.241174329734
-733.830247018 0.776700212654 0.241174329734
-712.645763026 0.776700212654 0.241174329734
-691.461279033 0.776700212654 0.241174329734
-670.276795041 0.776698700366 0.241174329734
-649.092311048 0.776691138623 0.241174329734
-627.907827056 0.776668450321 0.241174329734
-606.723343063 0.776595816761 0.241174329734
-585.538859071 0.776344261072 0.241234987262
-564.354375078 0.775743395816 0.24129564479
-543.169891086 0.774405429815 0.242084192648
-521.985407093 0.77191635365 0.243236685673
-500.800923101 0.767453997898 0.245935945651
-479.616439108 0.760534534098 0.251031177969
-458.431955116 0.750688080331 0.259826519471
-437.247471123 0.737180662389 0.273444134417
-416.062987131 0.719188873843 0.295189858061
-394.878503139 0.695950868198 0.325609608152
-373.694019146 0.667168020996 0.360942617979
-352.509535154 0.632497018469 0.404737352905
-331.325051161 0.591242685709 0.457175785515
-310.140567169 0.544723978901 0.511555259008
-288.956083176 0.493844217248 0.571181608638
-267.771599184 0.438114551558 0.630080067936
-246.587115191 0.380458474258 0.686825185005
-225.402631199 0.324952911309 0.740476768167
-204.218147206 0.270014169323 0.789427392939
-183.033663214 0.220114480344 0.832008977314
-161.849179221 0.175184490306 0.867190343322
-140.664695229 0.133888465681 0.898671600146
-119.480211236 0.100600109111 0.922115734563
-98.2957272438 0.0755082013178 0.942193376198
-77.1112432514 0.0544849736178 0.958146305957
-55.9267592589 0.0386331165991 0.971794249666
-34.7422752664 0.026800472255 0.979497755671
-13.5577912739 0.018748883995 0.984926604392
7.62669271856 0.0129916781417 0.989930850419
28.811176711 0.00904637393683 0.992781754216
49.9956607035 0.00620893363072 0.995117069028
71.180144696 0.00407768749811 0.996785151037
92.3646286885 0.00272215836912 0.99784665777
113.549112681 0.00202790641363 0.998513890574
134.733596673 0.00145366444579 0.998968822031
155.918080666 0.00118142437369 0.999272109669
177.102564658 0.000999848507802 0.999393424724
198.287048651 0.000787926541002 0.999575397307
219.471532643 0.000575914643388 0.999636054834
240.656016636 0.000485024857524 0.999696712362
261.840500628 0.000454724588474 0.99975736989
283.024984621 0.00039411853873 0.999787698653
304.209468613 0.000363812757701 0.999787698653
325.393952606 0.000333505139011 0.999787698653
346.578436598 0.000333505139011 0.999787698653
367.762920591 0.000333505139011 0.999787698653
388.947404583 0.000333505139011 0.999787698653
410.131888576 0.000272884387981 0.999787698653
431.316372568 0.000272884387981 0.999787698653
452.500856561 0.000242571255306 0.999818027417
473.685340553 0.000212256284302 0.999818027417
494.869824546 0.000212256284302 0.999818027417
516.054308538 0.000212256284302 0.999818027417
537.238792531 0.000181939474801 0.999818027417
558.423276523 0.000181939474801 0.999818027417
579.607760515 0.000181939474801 0.999818027417
600.792244508 9.09780136467e-05 0.999818027417
621.9767285 3.03278439936e-05 0.999818027417
643.161212493 3.03278439936e-05 0.999818027417
664.345696485 0.0 0.999848356181
685.530180478 0.0 0.999848356181
706.71466447 0.0 0.999848356181
727.899148463 0.0 0.999878684945
749.083632455 0.0 0.999878684945
770.268116448 0.0 0.999878684945
791.45260044 0.0 0.999878684945
812.637084433 0.0 0.999878684945
833.821568425 0.0 0.999909013709
855.006052418 0.0 0.999909013709
876.19053641 0.0 0.999909013709
897.375020403 0.0 0.999909013709
918.559504395 0.0 0.999909013709
939.743988388 0.0 0.999909013709
960.92847238 0.0 0.999909013709
982.112956373 0.0 0.999909013709
1003.29744037 0.0 0.999909013709
1024.48192436 0.0 0.999939342472
1045.66640835 0.0 0.999939342472
1066.85089234 0.0 0.999939342472
1088.03537633 0.0 0.999939342472
1109.21986033 0.0 0.999939342472
1130.40434432 0.0 0.999939342472
1151.58882831 0.0 0.999939342472
1172.7733123 0.0 0.999939342472
1193.9577963 0.0 0.999939342472
1215.14228029 0.0 0.999969671236
1236.32676428 0.0 1.0
1257.51124827 0.0 1.0
1278.69573227 0.0 1.0
1299.88021626 0.0 1.0
1321.06470025 0.0 1.0
1342.24918424 0.0 1.0
0.544723978901 0.511555259008 -310.140567169
===========================
-755.014731011 0.793523661617 0.461755428849
-733.830247018 0.793523661617 0.461755428849
-712.645763026 0.793523661617 0.461755428849
-691.461279033 0.793523661617 0.461755428849
-670.276795041 0.793522368619 0.461755428849
-649.092311048 0.793515903384 0.461755428849
-627.907827056 0.793496505248 0.461755428849
-606.723343063 0.793434406716 0.461755428849
-585.538859071 0.79321936107 0.461816086376
-564.354375078 0.792703244749 0.46184641514
-543.169891086 0.791548654663 0.46248331918
-521.985407093 0.789387619528 0.463180880747
-500.800923101 0.785501928869 0.465061264103
-479.616439108 0.779469206485 0.46879170205
-458.431955116 0.770855919718 0.474736139755
-437.247471123 0.759050583885 0.485199563266
-416.062987131 0.74310468414 0.499818027417
-394.878503139 0.72248127262 0.521715394881
-373.694019146 0.696753425917 0.547434186583
-352.509535154 0.665530533577 0.577489991508
-331.325051161 0.627796717314 0.614218124469
-310.140567169 0.584766894189 0.654221763921
-288.956083176 0.536330525516 0.696166444256
-267.771599184 0.482231748873 0.738050467063
-246.587115191 0.425184358711 0.778994298192
-225.402631199 0.368799892796 0.818603663715
-204.218147206 0.311117146857 0.851631687492
-183.033663214 0.257454283398 0.881930122528
-161.849179221 0.208070133301 0.907254640301
-140.664695229 0.161487208179 0.929697925513
-119.480211236 0.122735133697 0.945772170326
-98.2957272438 0.0926802421574 0.959480771564
-77.1112432514 0.0677448541054 0.971157345627
-55.9267592589 0.0479050561636 0.980741234987
-34.7422752664 0.0340423038613 0.98635205629
-13.5577912739 0.0240061569428 0.989870192891
7.62669271856 0.0167004652272 0.993509644547
28.811176711 0.0118676576361 0.995511342958
49.9956607035 0.00791334436588 0.996785151037
71.180144696 0.00530952093641 0.997967972825
92.3646286885 0.00350580270793 0.998604876865
113.549112681 0.00251096657087 0.998968822031
134.733596673 0.00172575615368 0.999241780905
155.918080666 0.00139317947786 0.999484411015
177.102564658 0.00115116631324 0.999545068543
198.287048651 0.000878761249659 0.999666383598
219.471532643 0.000636498651229 0.999696712362
240.656016636 0.000545619884814 0.99975736989
261.840500628 0.000485024857524 0.999787698653
283.024984621 0.00039411853873 0.999787698653
304.209468613 0.000363812757701 0.999787698653
325.393952606 0.000333505139011 0.999787698653
346.578436598 0.000333505139011 0.999787698653
367.762920591 0.000333505139011 0.999787698653
388.947404583 0.000333505139011 0.999787698653
410.131888576 0.000272884387981 0.999787698653
431.316372568 0.000272884387981 0.999787698653
452.500856561 0.000242571255306 0.999818027417
473.685340553 0.000212256284302 0.999818027417
494.869824546 0.000212256284302 0.999818027417
516.054308538 0.000212256284302 0.999818027417
537.238792531 0.000181939474801 0.999818027417
558.423276523 0.000181939474801 0.999818027417
579.607760515 0.000181939474801 0.999818027417
600.792244508 9.09780136467e-05 0.999818027417
621.9767285 3.03278439936e-05 0.999818027417
643.161212493 3.03278439936e-05 0.999818027417
664.345696485 0.0 0.999848356181
685.530180478 0.0 0.999848356181
706.71466447 0.0 0.999848356181
727.899148463 0.0 0.999878684945
749.083632455 0.0 0.999878684945
770.268116448 0.0 0.999878684945
791.45260044 0.0 0.999878684945
812.637084433 0.0 0.999878684945
833.821568425 0.0 0.999909013709
855.006052418 0.0 0.999909013709
876.19053641 0.0 0.999909013709
897.375020403 0.0 0.999909013709
918.559504395 0.0 0.999909013709
939.743988388 0.0 0.999909013709
960.92847238 0.0 0.999909013709
982.112956373 0.0 0.999909013709
1003.29744037 0.0 0.999909013709
1024.48192436 0.0 0.999939342472
1045.66640835 0.0 0.999939342472
1066.85089234 0.0 0.999939342472
1088.03537633 0.0 0.999939342472
1109.21986033 0.0 0.999939342472
1130.40434432 0.0 0.999939342472
1151.58882831 0.0 0.999939342472
1172.7733123 0.0 0.999939342472
1193.9577963 0.0 0.999939342472
1215.14228029 0.0 0.999969671236
1236.32676428 0.0 1.0
1257.51124827 0.0 1.0
1278.69573227 0.0 1.0
1299.88021626 0.0 1.0
1321.06470025 0.0 1.0
1342.24918424 0.0 1.0
0.627796717314 0.614218124469 -331.325051161
===========================
0.874294607125 0.0 1.0
0.87556354522 0.0 0.999969671236
0.876832483316 0.0 0.999969671236
0.878101421411 0.0 0.999878684945
0.879370359507 6.06538484867e-05 0.999787698653
0.880639297602 6.06538484867e-05 0.99975736989
0.881908235697 6.06538484867e-05 0.999727041126
0.883177173793 0.000121300339641 0.999514739779
0.884446111888 0.000181939474801 0.999332767196
0.885715049983 0.000242571255306 0.998968822031
0.886983988079 0.000363812757701 0.998695863157
0.888252926174 0.000454724588474 0.998149945408
0.88952186427 0.000727360892229 0.997725342715
0.890790802365 0.0010906446922 0.996997452384
0.89205974046 0.00160484481453 0.995602329249
0.893328678556 0.00229968530622 0.99457115128
0.894597616651 0.00302370585389 0.992690767924
0.895866554746 0.00371657350053 0.99090137086
0.897135492842 0.00479913072349 0.988414412229
0.898404430937 0.00599921618281 0.986261069999
0.899673369032 0.00806257521059 0.983228193619
0.900942307128 0.00937387333253 0.979346111852
0.902211245223 0.0112453893903 0.974432852117
0.903480183319 0.0137002692193 0.968306441829
0.904749121414 0.0158199510477 0.962210360306
0.906018059509 0.0180182863269 0.954415868009
0.907286997605 0.0211957489758 0.944892636176
0.9085559357 0.0253332939194 0.9358243358
0.909824873795 0.0288070692194 0.92584617251
0.911093811891 0.0330791788856 0.914685187432
0.912362749986 0.037454386221 0.902280723038
0.913631688082 0.042652652362 0.888693436856
0.914900626177 0.0477125693161 0.873347082373
0.916169564272 0.0529641544118 0.856453960937
0.917438502368 0.0582657374614 0.839196894335
0.918707440463 0.0645179594848 0.822425087953
0.919976378558 0.0711589385317 0.805653281572
0.921245316654 0.0778094758628 0.787031420599
0.922514254749 0.0846196557468 0.767408710421
0.923783192845 0.0920306217988 0.746117918234
0.92505213094 0.100551039337 0.725221399976
0.926321069035 0.10862395242 0.703718306442
0.927590007131 0.118159935812 0.684216911319
0.928858945226 0.128186144897 0.661197379595
0.930127883321 0.138347357968 0.639330340895
0.931396821417 0.148933973465 0.617463302196
0.932665759512 0.159627883267 0.594019167779
0.933934697607 0.170745202585 0.572455416717
0.935203635703 0.183173958282 0.549860487687
0.936472573798 0.195706793511 0.527508188766
0.937741511894 0.208773277021 0.50630838287
0.939010449989 0.222321807632 0.485836467306
0.940279388084 0.23631731326 0.464121072425
0.94154832618 0.250056862121 0.444134417081
0.942817264275 0.264805565466 0.425057624651
0.94408620237 0.280181635594 0.406799708844
0.945355140466 0.296507286266 0.387813902705
0.946624078561 0.312610753226 0.370162562174
0.947893016657 0.329987197984 0.353481742084
0.949161954752 0.347902616538 0.338347688948
0.950430892847 0.366300859103 0.326185854665
0.951699830943 0.384207380846 0.313629746452
0.952968769038 0.403070461293 0.301346597113
0.954237707133 0.421746755524 0.290367584617
0.955506645229 0.440441238863 0.279600873468
0.956775583324 0.459670282849 0.269804682761
0.95804452142 0.478381927196 0.261342957661
0.959313459515 0.498097238713 0.252911561325
0.96058239761 0.517833379641 0.245602329249
0.961851335706 0.537695769829 0.238414412229
0.963120273801 0.557131536178 0.232469974524
0.964389211896 0.576500205508 0.226464879292
0.965658149992 0.596094716597 0.221794249666
0.966927088087 0.614799584098 0.216790003639
0.968196026182 0.633546723571 0.21224068907
0.969464964278 0.651244949335 0.207782360791
0.970733902373 0.668796207007 0.202838772292
0.972002840469 0.685909160189 0.198896032998
0.973271778564 0.70252616384 0.195256581342
0.974540716659 0.718762527828 0.190767924299
0.975809654755 0.734554881092 0.18670386995
0.97707859285 0.750106105621 0.182336527963
0.978347530945 0.764861935189 0.178333131142
0.979616469041 0.779545880025 0.174724008249
0.980885407136 0.792932369547 0.170508310081
0.982154345232 0.805460005782 0.16762707752
0.983423283327 0.817116867269 0.163563023171
0.984692221422 0.827773889243 0.160226859153
0.985961159518 0.837127854535 0.156648065025
0.987230097613 0.845466688538 0.153342229771
0.988499035708 0.852500011184 0.150764284848
0.989767973804 0.858322053926 0.148398641271
0.991036911899 0.862932493047 0.147155161956
0.992305849995 0.866359708498 0.145972340167
0.99357478809 0.868729496449 0.145123134781
0.994843726185 0.870300293449 0.144455901977
0.996112664281 0.871122072866 0.144213271867
0.997381602376 0.871408068391 0.144182943103
0.998650540471 0.871443164716 0.144182943103
0.999919478567 0.871443164716 0.144152614339
0.347902616538 0.338347688948 0.949161954752
===========================
0.874294607125 0.0 1.0
0.87556354522 0.0 0.999969671236
0.876832483316 0.0 0.999969671236
0.878101421411 0.0 0.999878684945
0.879370359507 6.06538484867e-05 0.999787698653
0.880639297602 6.06538484867e-05 0.99975736989
0.881908235697 6.06538484867e-05 0.999727041126
0.883177173793 0.000151620826637 0.999545068543
0.884446111888 0.000303195682493 0.999454082252
0.885715049983 0.000515323289581 0.999241780905
0.886983988079 0.00066678790083 0.998999150795
0.888252926174 0.000999848507802 0.998695863157
0.88952186427 0.00130243828563 0.998301589227
0.890790802365 0.00181642044078 0.997725342715
0.89205974046 0.00251096657087 0.996512192163
0.893328678556 0.00344556610047 0.995723644304
0.894597616651 0.00449865644153 0.99417687735
0.895866554746 0.00545953609025 0.99266043916
0.897135492842 0.00704691923146 0.990689069514
0.898404430937 0.00868885481495 0.988990658741
0.899673369032 0.011393619573 0.986594686401
0.900942307128 0.0133756246447 0.983410166202
0.902211245223 0.0160549089824 0.979346111852
0.903480183319 0.0195367093877 0.974311537062
0.904749121414 0.0224725763415 0.969125318452
0.906018059509 0.0253332939194 0.962058716487
0.907286997605 0.0302638157701 0.954446196773
0.9085559357 0.0354551837117 0.946591046949
0.909824873795 0.0400885033043 0.937947349266
0.911093811891 0.046059483856 0.928727405071
0.912362749986 0.0520656642613 0.918233652796
0.913631688082 0.0589376944373 0.906678393789
0.914900626177 0.0656048969876 0.893364066481
0.916169564272 0.0727001715555 0.878866917384
0.917438502368 0.0800479897324 0.864278781997
0.918707440463 0.0881132806018 0.849963605483
0.919976378558 0.0964099753357 0.835527113915
0.921245316654 0.104873082666 0.819452869101
0.922514254749 0.114084582729 0.803135994177
0.923783192845 0.123528004466 0.78487807837
0.92505213094 0.134093177163 0.767226737838
0.926321069035 0.144317857421 0.749090137086
0.927590007131 0.155495223215 0.732833919689
0.928858945226 0.166784595168 0.712665291763
0.930127883321 0.178349821825 0.693618828097
0.931396821417 0.189956761006 0.674420720611
0.932665759512 0.202052225261 0.654039791338
0.933934697607 0.214335072795 0.635357272838
0.935203635703 0.227948579858 0.616037850297
0.936472573798 0.24132535665 0.596779085284
0.937741511894 0.255122557325 0.57846051195
0.939010449989 0.269075592995 0.560384568725
0.940279388084 0.283497761745 0.541277447531
0.94154832618 0.297586331778 0.523262161834
0.942817264275 0.312453081992 0.506247725343
0.94408620237 0.327870189172 0.49026446682
0.945355140466 0.344258382721 0.473826276841
0.946624078561 0.36001552795 0.458206963484
0.947893016657 0.377016967086 0.443618828097
0.949161954752 0.394253380364 0.430213514497
0.950430892847 0.411655544056 0.419173844474
0.951699830943 0.428907941457 0.407800558049
0.952968769038 0.446815649956 0.3970338469
0.954237707133 0.464418563098 0.387358971248
0.955506645229 0.48216669546 0.377805410651
0.956775583324 0.500431811639 0.369040397913
0.95804452142 0.517939121027 0.361488535727
0.959313459515 0.536584680253 0.354027659833
0.96058239761 0.554955660237 0.346991386631
0.961851335706 0.573476146124 0.340592017469
0.963120273801 0.591465530059 0.33540579886
0.964389211896 0.609489180771 0.330189251486
0.965658149992 0.627498164153 0.326246512192
0.966927088087 0.644924024596 0.32175785515
0.968196026182 0.662175592463 0.317511828218
0.969464964278 0.678604152452 0.313872376562
0.970733902373 0.694898629579 0.310081281087
0.972002840469 0.710685643087 0.306745117069
0.973271778564 0.726089304258 0.303287637996
0.974540716659 0.741199186832 0.300133446561
0.975809654755 0.755853387634 0.296645638724
0.97707859285 0.770276390137 0.293188159651
0.978347530945 0.78396299354 0.290094625743
0.979616469041 0.797584917707 0.287547009584
0.980885407136 0.810054900425 0.284271503094
0.982154345232 0.821632207039 0.281936188281
0.983423283327 0.832435509117 0.279024626956
0.984692221422 0.842276967233 0.276507339561
0.985961159518 0.850929542824 0.273808079583
0.987230097613 0.858572427371 0.271836709936
0.988499035708 0.864971230829 0.270016984108
0.989767973804 0.87026457025 0.268621860973
0.991036911899 0.874446428775 0.267499696712
0.992305849995 0.877571783437 0.266802135145
0.99357478809 0.879731390866 0.266316874924
0.994843726185 0.881159284476 0.265740628412
0.996112664281 0.881897830089 0.265497998302
0.997381602376 0.882152366996 0.265497998302
0.998650540471 0.882182265165 0.265497998302
0.999919478567 0.882182686158 0.265497998302
0.411655544056 0.419173844474 0.950430892847
===========================
0.874294607125 0.0 1.0
0.87556354522 0.0 0.999969671236
0.876832483316 0.0 0.999969671236
0.878101421411 6.06538484867e-05 0.999939342472
0.879370359507 0.000181939474801 0.999909013709
0.880639297602 0.000181939474801 0.999878684945
0.881908235697 0.000181939474801 0.999848356181
0.883177173793 0.000272884387981 0.999666383598
0.884446111888 0.000485024857524 0.999636054834
0.885715049983 0.000757644634361 0.999484411015
0.886983988079 0.000999848507802 0.999332767196
0.888252926174 0.00148390418219 0.999181123377
0.88952186427 0.00190706826094 0.998908164503
0.890790802365 0.00263165854987 0.998544219338
0.89205974046 0.00365636237271 0.997664685187
0.893328678556 0.00473905037882 0.997027781148
0.894597616651 0.00617897941345 0.995875288123
0.895866554746 0.00761474793078 0.994844110154
0.897135492842 0.00979037780047 0.993479315783
0.898404430937 0.0119564891672 0.992326822759
0.899673369032 0.0152908851989 0.990598083222
0.900942307128 0.0180475311216 0.988232439646
0.902211245223 0.0219506407214 0.98547252214
0.903480183319 0.0265418794839 0.981651097901
0.904749121414 0.0308338967109 0.977950988718
0.906018059509 0.0355962444061 0.972977071455
0.907286997605 0.0424024163569 0.967517893971
0.9085559357 0.0495243586048 0.961937401432
0.909824873795 0.0559738883958 0.955507703506
0.911093811891 0.0639868279112 0.94883537547
0.912362749986 0.0719693771285 0.940858910591
0.913631688082 0.0811503734255 0.932366856727
0.914900626177 0.0905781112092 0.922782967366
0.916169564272 0.100281059841 0.91195559869
0.917438502368 0.110355620312 0.90134053136
0.918707440463 0.120887324695 0.890877107849
0.919976378558 0.13119548892 0.87986776659
0.921245316654 0.142091431842 0.867887904889
0.922514254749 0.153674375626 0.855908043188
0.923783192845 0.165772695071 0.842502729589
0.92505213094 0.17830886934 0.829188402281
0.926321069035 0.19039434268 0.815388814752
0.927590007131 0.20332471549 0.803621254398
0.928858945226 0.216426245871 0.788244571151
0.930127883321 0.229410114986 0.773686764527
0.931396821417 0.242493165162 0.759189615431
0.932665759512 0.255962992215 0.743873589712
0.933934697607 0.269367133487 0.73004367342
0.935203635703 0.283933457847 0.715728496906
0.936472573798 0.297975174058 0.701170690283
0.937741511894 0.311864760513 0.686764527478
0.939010449989 0.325974079071 0.673116583768
0.940279388084 0.340111275667 0.657770229285
0.94154832618 0.354123408423 0.643909984229
0.942817264275 0.368509758106 0.630686643212
0.94408620237 0.383332086482 0.618433822637
0.945355140466 0.398803880096 0.60560475555
0.946624078561 0.413424418708 0.593321606211
0.947893016657 0.42919465411 0.581948319786
0.949161954752 0.445102659037 0.571848841441
0.950430892847 0.460915913216 0.563478102633
0.951699830943 0.476360633348 0.554136843382
0.952968769038 0.492371407017 0.545129200534
0.954237707133 0.508137540091 0.537577338348
0.955506645229 0.524014378311 0.530146791217
0.956775583324 0.540395873989 0.523292490598
0.95804452142 0.556034308643 0.517166080311
0.959313459515 0.572696758809 0.511160985078
0.96058239761 0.589092993694 0.505641150067
0.961851335706 0.605711279059 0.50087953415
0.963120273801 0.621833029396 0.496663835982
0.964389211896 0.638024349812 0.492690767924
0.965658149992 0.654240203018 0.489657891544
0.966927088087 0.669933430102 0.486079097416
0.968196026182 0.685585688675 0.482955234745
0.969464964278 0.700472383721 0.48028630353
0.970733902373 0.715309496879 0.477435399733
0.972002840469 0.729748780788 0.475100084921
0.973271778564 0.743960489839 0.472916413927
0.974540716659 0.757875721482 0.470368797768
0.975809654755 0.771415102188 0.46815479801
0.97707859285 0.784821609204 0.465880140725
0.978347530945 0.797588645516 0.463393182094
0.979616469041 0.810244014733 0.461634113794
0.980885407136 0.821939483618 0.459359456509
0.982154345232 0.832802580069 0.457630716972
0.983423283327 0.842912680566 0.455477374742
0.984692221422 0.852152116693 0.45362732015
0.985961159518 0.860261490538 0.452019895669
0.987230097613 0.867359664014 0.45059444377
0.988499035708 0.873270401574 0.449381293218
0.989767973804 0.878154955914 0.448380444013
0.991036911899 0.882000114521 0.447349266044
0.992305849995 0.884862643215 0.446773019532
0.99357478809 0.886853574002 0.446409074366
0.994843726185 0.888159613043 0.44619677302
0.996112664281 0.888835319701 0.445832827854
0.997381602376 0.889064965564 0.445832827854
0.998650540471 0.889091832582 0.445832827854
0.999919478567 0.889092205643 0.445832827854
0.524014378311 0.530146791217 0.955506645229
