-755.014731011 0.776700212654 0.241174329734
-733.830247018 0.776700212654 0.241174329734
-712.645763026 0.776700212654 0.241174329734
-691.461279033 0.776700212654 0.241174329734
-670.276795041 0.776698700366 0.241174329734
-649.092311048 0.776691138623 0.241174329734
-627.907827056 0.776668450321 0.241174329734
-606.723343063 0.776595816761 0.241174329734
-585.538859071 0.776344261072 0.241234987262
-564.354375078 0.775743395816 0.24129564479
-543.169891086 0.774405429815 0.242084192648
-521.985407093 0.77191635365 0.243236685673
-500.800923101 0.767453997898 0.245935945651
-479.616439108 0.760534534098 0.251031177969
-458.431955116 0.750688080331 0.259826519471
-437.247471123 0.737180662389 0.273444134417
-416.062987131 0.719188873843 0.295189858061
-394.878503139 0.695950868198 0.325609608152
-373.694019146 0.667168020996 0.360942617979
-352.509535154 0.632497018469 0.404737352905
-331.325051161 0.591242685709 0.457175785515
-310.140567169 0.544723978901 0.511555259008
-288.956083176 0.493844217248 0.571181608638
-267.771599184 0.438114551558 0.630080067936
-246.587115191 0.380458474258 0.686825185005
-225.402631199 0.324952911309 0.740476768167
-204.218147206 0.270014169323 0.789427392939
-183.033663214 0.220114480344 0.832008977314
-161.849179221 0.175184490306 0.867190343322
-140.664695229 0.133888465681 0.898671600146
-119.480211236 0.100600109111 0.922115734563
-98.2957272438 0.0755082013178 0.942193376198
-77.1112432514 0.0544849736178 0.958146305957
-55.9267592589 0.0386331165991 0.971794249666
-34.7422752664 0.026800472255 0.979497755671
-13.5577912739 0.018748883995 0.984926604392
7.62669271856 0.0129916781417 0.989930850419
28.811176711 0.00904637393683 0.992781754216
49.9956607035 0.00620893363072 0.995117069028
71.180144696 0.00407768749811 0.996785151037
92.3646286885 0.00272215836912 0.99784665777
113.549112681 0.00202790641363 0.998513890574
134.733596673 0.00145366444579 0.998968822031
155.918080666 0.00118142437369 0.999272109669
177.102564658 0.000999848507802 0.999393424724
198.287048651 0.000787926541002 0.999575397307
219.471532643 0.000575914643388 0.999636054834
240.656016636 0.000485024857524 0.999696712362
261.840500628 0.000454724588474 0.99975736989
283.024984621 0.00039411853873 0.999787698653
304.209468613 0.000363812757701 0.999787698653
325.393952606 0.000333505139011 0.999787698653
346.578436598 0.000333505139011 0.999787698653
367.762920591 0.000333505139011 0.999787698653
388.947404583 0.000333505139011 0.999787698653
410.131888576 0.000272884387981 0.999787698653
431.316372568 0.000272884387981 0.999787698653
452.500856561 0.000242571255306 0.999818027417
473.685340553 0.000212256284302 0.999818027417
494.869824546 0.000212256284302 0.999818027417
516.054308538 0.000212256284302 0.999818027417
537.238792531 0.000181939474801 0.999818027417
558.423276523 0.000181939474801 0.999818027417
579.607760515 0.000181939474801 0.999818027417
600.792244508 9.09780136467e-05 0.999818027417
621.9767285 3.03278439936e-05 0.999818027417
643.161212493 3.03278439936e-05 0.999818027417
664.345696485 0.0 0.999848356181
685.530180478 0.0 0.999848356181
706.71466447 0.0 0.999848356181
727.899148463 0.0 0.999878684945
749.083632455 0.0 0.999878684945
770.268116448 0.0 0.999878684945
791.45260044 0.0 0.999878684945
812.637084433 0.0 0.999878684945
833.821568425 0.0 0.999909013709
855.006052418 0.0 0.999909013709
876.19053641 0.0 0.999909013709
897.375020403 0.0 0.999909013709
918.559504395 0.0 0.999909013709
939.743988388 0.0 0.999909013709
960.92847238 0.0 0.999909013709
982.112956373 0.0 0.999909013709
1003.29744037 0.0 0.999909013709
1024.48192436 0.0 0.999939342472
1045.66640835 0.0 0.999939342472
1066.85089234 0.0 0.999939342472
1088.03537633 0.0 0.999939342472
1109.21986033 0.0 0.999939342472
1130.40434432 0.0 0.999939342472
1151.58882831 0.0 0.999939342472
1172.7733123 0.0 0.999939342472
1193.9577963 0.0 0.999939342472
1215.14228029 0.0 0.999969671236
1236.32676428 0.0 1.0
1257.51124827 0.0 1.0
1278.69573227 0.0 1.0
1299.88021626 0.0 1.0
1321.06470025 0.0 1.0
1342.24918424 0.0 1.0
bic =======================
0.544723978901 0.511555259008 -310.140567169
