-755.014731011 0.793523661617 0.461755428849
-733.830247018 0.793523661617 0.461755428849
-712.645763026 0.793523661617 0.461755428849
-691.461279033 0.793523661617 0.461755428849
-670.276795041 0.793522368619 0.461755428849
-649.092311048 0.793515903384 0.461755428849
-627.907827056 0.793496505248 0.461755428849
-606.723343063 0.793434406716 0.461755428849
-585.538859071 0.79321936107 0.461816086376
-564.354375078 0.792703244749 0.46184641514
-543.169891086 0.791548654663 0.46248331918
-521.985407093 0.789387619528 0.463180880747
-500.800923101 0.785501928869 0.465061264103
-479.616439108 0.779469206485 0.46879170205
-458.431955116 0.770855919718 0.474736139755
-437.247471123 0.759050583885 0.485199563266
-416.062987131 0.74310468414 0.499818027417
-394.878503139 0.72248127262 0.521715394881
-373.694019146 0.696753425917 0.547434186583
-352.509535154 0.665530533577 0.577489991508
-331.325051161 0.627796717314 0.614218124469
-310.140567169 0.584766894189 0.654221763921
-288.956083176 0.536330525516 0.696166444256
-267.771599184 0.482231748873 0.738050467063
-246.587115191 0.425184358711 0.778994298192
-225.402631199 0.368799892796 0.818603663715
-204.218147206 0.311117146857 0.851631687492
-183.033663214 0.257454283398 0.881930122528
-161.849179221 0.208070133301 0.907254640301
-140.664695229 0.161487208179 0.929697925513
-119.480211236 0.122735133697 0.945772170326
-98.2957272438 0.0926802421574 0.959480771564
-77.1112432514 0.0677448541054 0.971157345627
-55.9267592589 0.0479050561636 0.980741234987
-34.7422752664 0.0340423038613 0.98635205629
-13.5577912739 0.0240061569428 0.989870192891
7.62669271856 0.0167004652272 0.993509644547
28.811176711 0.0118676576361 0.995511342958
49.9956607035 0.00791334436588 0.996785151037
71.180144696 0.00530952093641 0.997967972825
92.3646286885 0.00350580270793 0.998604876865
113.549112681 0.00251096657087 0.998968822031
134.733596673 0.00172575615368 0.999241780905
155.918080666 0.00139317947786 0.999484411015
177.102564658 0.00115116631324 0.999545068543
198.287048651 0.000878761249659 0.999666383598
219.471532643 0.000636498651229 0.999696712362
240.656016636 0.000545619884814 0.99975736989
261.840500628 0.000485024857524 0.999787698653
283.024984621 0.00039411853873 0.999787698653
304.209468613 0.000363812757701 0.999787698653
325.393952606 0.000333505139011 0.999787698653
346.578436598 0.000333505139011 0.999787698653
367.762920591 0.000333505139011 0.999787698653
388.947404583 0.000333505139011 0.999787698653
410.131888576 0.000272884387981 0.999787698653
431.316372568 0.000272884387981 0.999787698653
452.500856561 0.000242571255306 0.999818027417
473.685340553 0.000212256284302 0.999818027417
494.869824546 0.000212256284302 0.999818027417
516.054308538 0.000212256284302 0.999818027417
537.238792531 0.000181939474801 0.999818027417
558.423276523 0.000181939474801 0.999818027417
579.607760515 0.000181939474801 0.999818027417
600.792244508 9.09780136467e-05 0.999818027417
621.9767285 3.03278439936e-05 0.999818027417
643.161212493 3.03278439936e-05 0.999818027417
664.345696485 0.0 0.999848356181
685.530180478 0.0 0.999848356181
706.71466447 0.0 0.999848356181
727.899148463 0.0 0.999878684945
749.083632455 0.0 0.999878684945
770.268116448 0.0 0.999878684945
791.45260044 0.0 0.999878684945
812.637084433 0.0 0.999878684945
833.821568425 0.0 0.999909013709
855.006052418 0.0 0.999909013709
876.19053641 0.0 0.999909013709
897.375020403 0.0 0.999909013709
918.559504395 0.0 0.999909013709
939.743988388 0.0 0.999909013709
960.92847238 0.0 0.999909013709
982.112956373 0.0 0.999909013709
1003.29744037 0.0 0.999909013709
1024.48192436 0.0 0.999939342472
1045.66640835 0.0 0.999939342472
1066.85089234 0.0 0.999939342472
1088.03537633 0.0 0.999939342472
1109.21986033 0.0 0.999939342472
1130.40434432 0.0 0.999939342472
1151.58882831 0.0 0.999939342472
1172.7733123 0.0 0.999939342472
1193.9577963 0.0 0.999939342472
1215.14228029 0.0 0.999969671236
1236.32676428 0.0 1.0
1257.51124827 0.0 1.0
1278.69573227 0.0 1.0
1299.88021626 0.0 1.0
1321.06470025 0.0 1.0
1342.24918424 0.0 1.0
bic =======================
0.627796717314 0.614218124469 -331.325051161
