0.874294607125 0.0 1.0
0.87556354522 0.0 0.999969671236
0.876832483316 0.0 0.999969671236
0.878101421411 0.0 0.999878684945
0.879370359507 6.06538484867e-05 0.999787698653
0.880639297602 6.06538484867e-05 0.99975736989
0.881908235697 6.06538484867e-05 0.999727041126
0.883177173793 0.000151620826637 0.999545068543
0.884446111888 0.000303195682493 0.999454082252
0.885715049983 0.000515323289581 0.999241780905
0.886983988079 0.00066678790083 0.998999150795
0.888252926174 0.000999848507802 0.998695863157
0.88952186427 0.00130243828563 0.998301589227
0.890790802365 0.00181642044078 0.997725342715
0.89205974046 0.00251096657087 0.996512192163
0.893328678556 0.00344556610047 0.995723644304
0.894597616651 0.00449865644153 0.99417687735
0.895866554746 0.00545953609025 0.99266043916
0.897135492842 0.00704691923146 0.990689069514
0.898404430937 0.00868885481495 0.988990658741
0.899673369032 0.011393619573 0.986594686401
0.900942307128 0.0133756246447 0.983410166202
0.902211245223 0.0160549089824 0.979346111852
0.903480183319 0.0195367093877 0.974311537062
0.904749121414 0.0224725763415 0.969125318452
0.906018059509 0.0253332939194 0.962058716487
0.907286997605 0.0302638157701 0.954446196773
0.9085559357 0.0354551837117 0.946591046949
0.909824873795 0.0400885033043 0.937947349266
0.911093811891 0.046059483856 0.928727405071
0.912362749986 0.0520656642613 0.918233652796
0.913631688082 0.0589376944373 0.906678393789
0.914900626177 0.0656048969876 0.893364066481
0.916169564272 0.0727001715555 0.878866917384
0.917438502368 0.0800479897324 0.864278781997
0.918707440463 0.0881132806018 0.849963605483
0.919976378558 0.0964099753357 0.835527113915
0.921245316654 0.104873082666 0.819452869101
0.922514254749 0.114084582729 0.803135994177
0.923783192845 0.123528004466 0.78487807837
0.92505213094 0.134093177163 0.767226737838
0.926321069035 0.144317857421 0.749090137086
0.927590007131 0.155495223215 0.732833919689
0.928858945226 0.166784595168 0.712665291763
0.930127883321 0.178349821825 0.693618828097
0.931396821417 0.189956761006 0.674420720611
0.932665759512 0.202052225261 0.654039791338
0.933934697607 0.214335072795 0.635357272838
0.935203635703 0.227948579858 0.616037850297
0.936472573798 0.24132535665 0.596779085284
0.937741511894 0.255122557325 0.57846051195
0.939010449989 0.269075592995 0.560384568725
0.940279388084 0.283497761745 0.541277447531
0.94154832618 0.297586331778 0.523262161834
0.942817264275 0.312453081992 0.506247725343
0.94408620237 0.327870189172 0.49026446682
0.945355140466 0.344258382721 0.473826276841
0.946624078561 0.36001552795 0.458206963484
0.947893016657 0.377016967086 0.443618828097
0.949161954752 0.394253380364 0.430213514497
0.950430892847 0.411655544056 0.419173844474
0.951699830943 0.428907941457 0.407800558049
0.952968769038 0.446815649956 0.3970338469
0.954237707133 0.464418563098 0.387358971248
0.955506645229 0.48216669546 0.377805410651
0.956775583324 0.500431811639 0.369040397913
0.95804452142 0.517939121027 0.361488535727
0.959313459515 0.536584680253 0.354027659833
0.96058239761 0.554955660237 0.346991386631
0.961851335706 0.573476146124 0.340592017469
0.963120273801 0.591465530059 0.33540579886
0.964389211896 0.609489180771 0.330189251486
0.965658149992 0.627498164153 0.326246512192
0.966927088087 0.644924024596 0.32175785515
0.968196026182 0.662175592463 0.317511828218
0.969464964278 0.678604152452 0.313872376562
0.970733902373 0.694898629579 0.310081281087
0.972002840469 0.710685643087 0.306745117069
0.973271778564 0.726089304258 0.303287637996
0.974540716659 0.741199186832 0.300133446561
0.975809654755 0.755853387634 0.296645638724
0.97707859285 0.770276390137 0.293188159651
0.978347530945 0.78396299354 0.290094625743
0.979616469041 0.797584917707 0.287547009584
0.980885407136 0.810054900425 0.284271503094
0.982154345232 0.821632207039 0.281936188281
0.983423283327 0.832435509117 0.279024626956
0.984692221422 0.842276967233 0.276507339561
0.985961159518 0.850929542824 0.273808079583
0.987230097613 0.858572427371 0.271836709936
0.988499035708 0.864971230829 0.270016984108
0.989767973804 0.87026457025 0.268621860973
0.991036911899 0.874446428775 0.267499696712
0.992305849995 0.877571783437 0.266802135145
0.99357478809 0.879731390866 0.266316874924
0.994843726185 0.881159284476 0.265740628412
0.996112664281 0.881897830089 0.265497998302
0.997381602376 0.882152366996 0.265497998302
0.998650540471 0.882182265165 0.265497998302
0.999919478567 0.882182686158 0.265497998302
dvec =======================
0.411655544056 0.419173844474 0.950430892847
