-642.683241132
0.287671232877 0.423076923077
-635.773698885
0.287671232877 0.423076923077
-628.864156639
0.287671232877 0.423076923077
-621.954614392
0.287671232877 0.423076923077
-615.045072146
0.287671232877 0.423076923077
-608.135529899
0.287671232877 0.423076923077
-601.225987652
0.287671232877 0.423076923077
-594.316445406
0.287671232877 0.423076923077
-587.406903159
0.287671232877 0.423076923077
-580.497360913
0.287671232877 0.423076923077
-573.587818666
0.287671232877 0.423076923077
-566.678276419
0.287671232877 0.423076923077
-559.768734173
0.287671232877 0.423076923077
-552.859191926
0.287671232877 0.423076923077
-545.94964968
0.287671232877 0.423076923077
-539.040107433
0.287671232877 0.423076923077
-532.130565186
0.287671232877 0.423076923077
-525.22102294
0.287671232877 0.423076923077
-518.311480693
0.287671232877 0.423076923077
-511.401938447
0.287671232877 0.423076923077
-504.4923962
0.287671232877 0.423076923077
-497.582853953
0.287671232877 0.423076923077
-490.673311707
0.287671232877 0.423076923077
-483.76376946
0.287671232877 0.423076923077
-476.854227214
0.287671232877 0.423076923077
-469.944684967
0.287671232877 0.423076923077
-463.03514272
0.277777777778 0.423076923077
-456.125600474
0.277777777778 0.423076923077
-449.216058227
0.277777777778 0.423076923077
-442.306515981
0.277777777778 0.423076923077
-435.396973734
0.267605633803 0.423076923077
-428.487431487
0.267605633803 0.423076923077
-421.577889241
0.267605633803 0.423076923077
-414.668346994
0.267605633803 0.423076923077
-407.758804748
0.267605633803 0.423076923077
-400.849262501
0.267605633803 0.423076923077
-393.939720254
0.267605633803 0.423076923077
-387.030178008
0.257142857143 0.423076923077
-380.120635761
0.257142857143 0.423076923077
-373.211093515
0.257142857143 0.423076923077
-366.301551268
0.246376811594 0.423076923077
-359.392009021
0.246376811594 0.423076923077
-352.482466775
0.246376811594 0.423076923077
-345.572924528
0.246376811594 0.423076923077
-338.663382282
0.235294117647 0.442307692308
-331.753840035
0.212121212121 0.442307692308
-324.844297788
0.2 0.442307692308
-317.934755542
0.1875 0.442307692308
-311.025213295
0.1875 0.442307692308
-304.115671049
0.161290322581 0.442307692308
-297.206128802
0.147540983607 0.442307692308
-290.296586555
0.133333333333 0.442307692308
-283.387044309
0.133333333333 0.442307692308
-276.477502062
0.133333333333 0.461538461538
-269.567959816
0.118644067797 0.538461538462
-262.658417569
0.103448275862 0.576923076923
-255.748875322
0.103448275862 0.615384615385
-248.839333076
0.103448275862 0.615384615385
-241.929790829
0.103448275862 0.653846153846
-235.020248583
0.0877192982456 0.692307692308
-228.110706336
0.0714285714286 0.692307692308
-221.201164089
0.0545454545455 0.711538461538
-214.291621843
0.0545454545455 0.730769230769
-207.382079596
0.0545454545455 0.730769230769
-200.47253735
0.0545454545455 0.730769230769
-193.562995103
0.0545454545455 0.730769230769
-186.653452856
0.0545454545455 0.730769230769
-179.74391061
0.037037037037 0.730769230769
-172.834368363
0.0188679245283 0.730769230769
-165.924826117
0.0188679245283 0.769230769231
-159.01528387
0.0188679245283 0.788461538462
-152.105741623
0.0188679245283 0.807692307692
-145.196199377
0.0188679245283 0.807692307692
-138.28665713
0.0188679245283 0.807692307692
-131.377114884
0.0188679245283 0.807692307692
-124.467572637
0.0188679245283 0.865384615385
-117.55803039
0.0188679245283 0.865384615385
-110.648488144
0.0188679245283 0.884615384615
-103.738945897
0.0188679245283 0.903846153846
-96.8294036506
0.0188679245283 0.903846153846
-89.919861404
0.0188679245283 0.903846153846
-83.0103191574
0.0188679245283 0.923076923077
-76.1007769108
0.0188679245283 0.923076923077
-69.1912346642
0.0188679245283 0.942307692308
-62.2816924176
0.0188679245283 0.942307692308
-55.372150171
0.0 0.942307692308
-48.4626079244
0.0 0.961538461538
-41.5530656778
0.0 0.961538461538
-34.6435234312
0.0 0.961538461538
-27.7339811846
0.0 0.961538461538
-20.824438938
0.0 0.961538461538
-13.9148966914
0.0 0.961538461538
-7.0053544448
0.0 0.980769230769
-0.0958121982001
0.0 0.980769230769
6.8137300484
0.0 0.980769230769
13.723272295
0.0 0.980769230769
20.6328145416
0.0 0.980769230769
27.5423567882
0.0 0.980769230769
34.4518990348
0.0 0.980769230769
41.3614412814
0.0 1.0
bic
0.287671232877 0.423076923077 -642.683241132
