-642.683241132
0.409090909091 0.75
-635.773698885
0.409090909091 0.75
-628.864156639
0.409090909091 0.75
-621.954614392
0.409090909091 0.75
-615.045072146
0.409090909091 0.75
-608.135529899
0.409090909091 0.75
-601.225987652
0.409090909091 0.75
-594.316445406
0.409090909091 0.75
-587.406903159
0.409090909091 0.75
-580.497360913
0.409090909091 0.75
-573.587818666
0.409090909091 0.75
-566.678276419
0.409090909091 0.75
-559.768734173
0.409090909091 0.75
-552.859191926
0.409090909091 0.75
-545.94964968
0.409090909091 0.75
-539.040107433
0.409090909091 0.75
-532.130565186
0.409090909091 0.75
-525.22102294
0.409090909091 0.75
-518.311480693
0.409090909091 0.75
-511.401938447
0.409090909091 0.75
-504.4923962
0.409090909091 0.75
-497.582853953
0.409090909091 0.75
-490.673311707
0.409090909091 0.75
-483.76376946
0.409090909091 0.75
-476.854227214
0.409090909091 0.75
-469.944684967
0.409090909091 0.75
-463.03514272
0.402298850575 0.75
-456.125600474
0.402298850575 0.75
-449.216058227
0.402298850575 0.75
-442.306515981
0.402298850575 0.75
-435.396973734
0.395348837209 0.75
-428.487431487
0.395348837209 0.75
-421.577889241
0.395348837209 0.75
-414.668346994
0.395348837209 0.75
-407.758804748
0.395348837209 0.75
-400.849262501
0.395348837209 0.75
-393.939720254
0.395348837209 0.75
-387.030178008
0.388235294118 0.75
-380.120635761
0.388235294118 0.75
-373.211093515
0.388235294118 0.75
-366.301551268
0.380952380952 0.75
-359.392009021
0.380952380952 0.75
-352.482466775
0.380952380952 0.75
-345.572924528
0.380952380952 0.75
-338.663382282
0.373493975904 0.769230769231
-331.753840035
0.358024691358 0.769230769231
-324.844297788
0.35 0.769230769231
-317.934755542
0.341772151899 0.769230769231
-311.025213295
0.341772151899 0.769230769231
-304.115671049
0.324675324675 0.769230769231
-297.206128802
0.315789473684 0.769230769231
-290.296586555
0.306666666667 0.769230769231
-283.387044309
0.306666666667 0.769230769231
-276.477502062
0.297297297297 0.769230769231
-269.567959816
0.257142857143 0.788461538462
-262.658417569
0.235294117647 0.807692307692
-255.748875322
0.223880597015 0.826923076923
-248.839333076
0.223880597015 0.826923076923
-241.929790829
0.223880597015 0.865384615385
-235.020248583
0.2 0.865384615385
-228.110706336
0.1875 0.865384615385
-221.201164089
0.174603174603 0.884615384615
-214.291621843
0.174603174603 0.903846153846
-207.382079596
0.174603174603 0.903846153846
-200.47253735
0.174603174603 0.903846153846
-193.562995103
0.174603174603 0.903846153846
-186.653452856
0.174603174603 0.903846153846
-179.74391061
0.161290322581 0.903846153846
-172.834368363
0.147540983607 0.903846153846
-165.924826117
0.147540983607 0.942307692308
-159.01528387
0.147540983607 0.961538461538
-152.105741623
0.133333333333 0.961538461538
-145.196199377
0.133333333333 0.961538461538
-138.28665713
0.133333333333 0.961538461538
-131.377114884
0.133333333333 0.961538461538
-124.467572637
0.103448275862 0.961538461538
-117.55803039
0.103448275862 0.961538461538
-110.648488144
0.103448275862 0.980769230769
-103.738945897
0.0877192982456 0.980769230769
-96.8294036506
0.0877192982456 0.980769230769
-89.919861404
0.0877192982456 0.980769230769
-83.0103191574
0.0714285714286 0.980769230769
-76.1007769108
0.0714285714286 0.980769230769
-69.1912346642
0.0714285714286 1.0
-62.2816924176
0.0714285714286 1.0
-55.372150171
0.0545454545455 1.0
-48.4626079244
0.037037037037 1.0
-41.5530656778
0.037037037037 1.0
-34.6435234312
0.037037037037 1.0
-27.7339811846
0.037037037037 1.0
-20.824438938
0.037037037037 1.0
-13.9148966914
0.037037037037 1.0
-7.0053544448
0.0188679245283 1.0
-0.0958121982001
0.0188679245283 1.0
6.8137300484
0.0188679245283 1.0
13.723272295
0.0188679245283 1.0
20.6328145416
0.0188679245283 1.0
27.5423567882
0.0188679245283 1.0
34.4518990348
0.0188679245283 1.0
41.3614412814
0.0 1.0
bic
0.409090909091 0.75 -642.683241132
