-642.683241132
0.358024691358 0.615384615385
-635.773698885
0.358024691358 0.615384615385
-628.864156639
0.358024691358 0.615384615385
-621.954614392
0.358024691358 0.615384615385
-615.045072146
0.358024691358 0.615384615385
-608.135529899
0.358024691358 0.615384615385
-601.225987652
0.358024691358 0.615384615385
-594.316445406
0.358024691358 0.615384615385
-587.406903159
0.358024691358 0.615384615385
-580.497360913
0.358024691358 0.615384615385
-573.587818666
0.358024691358 0.615384615385
-566.678276419
0.358024691358 0.615384615385
-559.768734173
0.358024691358 0.615384615385
-552.859191926
0.358024691358 0.615384615385
-545.94964968
0.358024691358 0.615384615385
-539.040107433
0.358024691358 0.615384615385
-532.130565186
0.358024691358 0.615384615385
-525.22102294
0.358024691358 0.615384615385
-518.311480693
0.358024691358 0.615384615385
-511.401938447
0.358024691358 0.615384615385
-504.4923962
0.358024691358 0.615384615385
-497.582853953
0.358024691358 0.615384615385
-490.673311707
0.358024691358 0.615384615385
-483.76376946
0.358024691358 0.615384615385
-476.854227214
0.358024691358 0.615384615385
-469.944684967
0.358024691358 0.615384615385
-463.03514272
0.35 0.615384615385
-456.125600474
0.35 0.615384615385
-449.216058227
0.35 0.615384615385
-442.306515981
0.35 0.615384615385
-435.396973734
0.341772151899 0.615384615385
-428.487431487
0.341772151899 0.615384615385
-421.577889241
0.341772151899 0.615384615385
-414.668346994
0.341772151899 0.615384615385
-407.758804748
0.341772151899 0.615384615385
-400.849262501
0.341772151899 0.615384615385
-393.939720254
0.341772151899 0.615384615385
-387.030178008
0.333333333333 0.615384615385
-380.120635761
0.333333333333 0.615384615385
-373.211093515
0.333333333333 0.615384615385
-366.301551268
0.324675324675 0.615384615385
-359.392009021
0.324675324675 0.615384615385
-352.482466775
0.324675324675 0.615384615385
-345.572924528
0.324675324675 0.615384615385
-338.663382282
0.315789473684 0.634615384615
-331.753840035
0.297297297297 0.634615384615
-324.844297788
0.287671232877 0.634615384615
-317.934755542
0.277777777778 0.634615384615
-311.025213295
0.277777777778 0.634615384615
-304.115671049
0.257142857143 0.634615384615
-297.206128802
0.246376811594 0.634615384615
-290.296586555
0.235294117647 0.634615384615
-283.387044309
0.235294117647 0.634615384615
-276.477502062
0.223880597015 0.634615384615
-269.567959816
0.1875 0.673076923077
-262.658417569
0.174603174603 0.711538461538
-255.748875322
0.161290322581 0.730769230769
-248.839333076
0.161290322581 0.730769230769
-241.929790829
0.161290322581 0.769230769231
-235.020248583
0.147540983607 0.788461538462
-228.110706336
0.133333333333 0.788461538462
-221.201164089
0.118644067797 0.807692307692
-214.291621843
0.118644067797 0.826923076923
-207.382079596
0.118644067797 0.826923076923
-200.47253735
0.118644067797 0.826923076923
-193.562995103
0.118644067797 0.826923076923
-186.653452856
0.118644067797 0.826923076923
-179.74391061
0.103448275862 0.826923076923
-172.834368363
0.0877192982456 0.826923076923
-165.924826117
0.0877192982456 0.865384615385
-159.01528387
0.0877192982456 0.884615384615
-152.105741623
0.0714285714286 0.884615384615
-145.196199377
0.0714285714286 0.884615384615
-138.28665713
0.0714285714286 0.884615384615
-131.377114884
0.0714285714286 0.884615384615
-124.467572637
0.0714285714286 0.923076923077
-117.55803039
0.0714285714286 0.923076923077
-110.648488144
0.0714285714286 0.942307692308
-103.738945897
0.0714285714286 0.961538461538
-96.8294036506
0.0714285714286 0.961538461538
-89.919861404
0.0714285714286 0.961538461538
-83.0103191574
0.0545454545455 0.961538461538
-76.1007769108
0.0545454545455 0.961538461538
-69.1912346642
0.0545454545455 0.980769230769
-62.2816924176
0.0545454545455 0.980769230769
-55.372150171
0.037037037037 0.980769230769
-48.4626079244
0.0188679245283 0.980769230769
-41.5530656778
0.0188679245283 0.980769230769
-34.6435234312
0.0188679245283 0.980769230769
-27.7339811846
0.0188679245283 0.980769230769
-20.824438938
0.0188679245283 0.980769230769
-13.9148966914
0.0188679245283 0.980769230769
-7.0053544448
0.0 0.980769230769
-0.0958121982001
0.0 0.980769230769
6.8137300484
0.0 0.980769230769
13.723272295
0.0 0.980769230769
20.6328145416
0.0 0.980769230769
27.5423567882
0.0 0.980769230769
34.4518990348
0.0 0.980769230769
41.3614412814
0.0 1.0
bic
0.358024691358 0.615384615385 -642.683241132
