0.929701164212
0.0 1.0
0.930394204139
0.0 0.980769230769
0.931087244067
0.0 0.980769230769
0.931780283994
0.0 0.961538461538
0.932473323921
0.0 0.942307692308
0.933166363849
0.0 0.942307692308
0.933859403776
0.0 0.923076923077
0.934552443703
0.0 0.903846153846
0.935245483631
0.0 0.903846153846
0.935938523558
0.0 0.884615384615
0.936631563485
0.0 0.884615384615
0.937324603413
0.0 0.865384615385
0.93801764334
0.0 0.826923076923
0.938710683267
0.0 0.807692307692
0.939403723195
0.0 0.788461538462
0.940096763122
0.0 0.769230769231
0.940789803049
0.0 0.75
0.941482842976
0.0 0.75
0.942175882904
0.0 0.75
0.942868922831
0.0 0.730769230769
0.943561962758
0.0 0.711538461538
0.944255002686
0.0 0.692307692308
0.944948042613
0.0 0.673076923077
0.94564108254
0.0 0.653846153846
0.946334122468
0.0 0.634615384615
0.947027162395
0.0 0.634615384615
0.947720202322
0.0 0.615384615385
0.94841324225
0.0 0.615384615385
0.949106282177
0.0 0.596153846154
0.949799322104
0.0 0.596153846154
0.950492362032
0.0 0.596153846154
0.951185401959
0.0188679245283 0.519230769231
0.951878441886
0.0188679245283 0.519230769231
0.952571481814
0.0188679245283 0.480769230769
0.953264521741
0.0188679245283 0.480769230769
0.953957561668
0.0188679245283 0.480769230769
0.954650601596
0.0188679245283 0.480769230769
0.955343641523
0.0188679245283 0.480769230769
0.95603668145
0.0188679245283 0.480769230769
0.956729721378
0.0188679245283 0.480769230769
0.957422761305
0.0188679245283 0.480769230769
0.958115801232
0.0188679245283 0.461538461538
0.95880884116
0.0188679245283 0.461538461538
0.959501881087
0.0188679245283 0.442307692308
0.960194921014
0.0188679245283 0.442307692308
0.960887960942
0.0188679245283 0.442307692308
0.961581000869
0.037037037037 0.442307692308
0.962274040796
0.037037037037 0.442307692308
0.962967080724
0.037037037037 0.442307692308
0.963660120651
0.0545454545455 0.442307692308
0.964353160578
0.0545454545455 0.442307692308
0.965046200505
0.0545454545455 0.423076923077
0.965739240433
0.0714285714286 0.423076923077
0.96643228036
0.0714285714286 0.423076923077
0.967125320287
0.0714285714286 0.423076923077
0.967818360215
0.0714285714286 0.423076923077
0.968511400142
0.0714285714286 0.423076923077
0.969204440069
0.0877192982456 0.423076923077
0.969897479997
0.118644067797 0.423076923077
0.970590519924
0.118644067797 0.423076923077
0.971283559851
0.118644067797 0.423076923077
0.971976599779
0.118644067797 0.423076923077
0.972669639706
0.118644067797 0.423076923077
0.973362679633
0.133333333333 0.423076923077
0.974055719561
0.147540983607 0.423076923077
0.974748759488
0.147540983607 0.423076923077
0.975441799415
0.147540983607 0.423076923077
0.976134839343
0.161290322581 0.423076923077
0.97682787927
0.2 0.423076923077
0.977520919197
0.246376811594 0.423076923077
0.978213959125
0.246376811594 0.423076923077
0.978906999052
0.246376811594 0.423076923077
0.979600038979
0.267605633803 0.423076923077
0.980293078907
0.306666666667 0.423076923077
0.980986118834
0.306666666667 0.423076923077
0.981679158761
0.333333333333 0.423076923077
0.982372198689
0.358024691358 0.423076923077
0.983065238616
0.388235294118 0.423076923077
0.983758278543
0.415730337079 0.423076923077
0.984451318471
0.446808510638 0.423076923077
0.985144358398
0.48 0.423076923077
0.985837398325
0.495145631068 0.423076923077
0.986530438253
0.522935779817 0.423076923077
0.98722347818
0.563025210084 0.423076923077
0.987916518107
0.58064516129 0.403846153846
0.988609558034
0.628571428571 0.384615384615
0.989302597962
0.651006711409 0.384615384615
0.989995637889
0.680981595092 0.384615384615
0.990688677816
0.702857142857 0.384615384615
0.991381717744
0.711111111111 0.384615384615
0.992074757671
0.727748691099 0.384615384615
0.992767797598
0.747572815534 0.384615384615
0.993460837526
0.758139534884 0.346153846154
0.994153877453
0.777777777778 0.346153846154
0.99484691738
0.786008230453 0.346153846154
0.995539957308
0.794466403162 0.346153846154
0.996232997235
0.795275590551 0.346153846154
0.996926037162
0.798449612403 0.346153846154
0.99761907709
0.8 0.346153846154
0.998312117017
0.8 0.346153846154
dvec
0.415730337079 0.423076923077 0.983758278543
