0.929701164212
0.0 1.0
0.930394204139
0.0 0.961538461538
0.931087244067
0.0 0.961538461538
0.931780283994
0.0 0.942307692308
0.932473323921
0.0 0.903846153846
0.933166363849
0.0 0.903846153846
0.933859403776
0.0 0.884615384615
0.934552443703
0.0 0.865384615385
0.935245483631
0.0 0.865384615385
0.935938523558
0.0 0.846153846154
0.936631563485
0.0 0.846153846154
0.937324603413
0.0 0.826923076923
0.93801764334
0.0 0.788461538462
0.938710683267
0.0 0.769230769231
0.939403723195
0.0 0.730769230769
0.940096763122
0.0 0.711538461538
0.940789803049
0.0 0.692307692308
0.941482842976
0.0 0.692307692308
0.942175882904
0.0 0.692307692308
0.942868922831
0.0 0.673076923077
0.943561962758
0.0 0.634615384615
0.944255002686
0.0 0.615384615385
0.944948042613
0.0 0.596153846154
0.94564108254
0.0 0.576923076923
0.946334122468
0.0 0.557692307692
0.947027162395
0.0 0.557692307692
0.947720202322
0.0 0.538461538462
0.94841324225
0.0 0.538461538462
0.949106282177
0.0 0.519230769231
0.949799322104
0.0 0.519230769231
0.950492362032
0.0 0.519230769231
0.951185401959
0.0 0.423076923077
0.951878441886
0.0 0.423076923077
0.952571481814
0.0 0.403846153846
0.953264521741
0.0 0.403846153846
0.953957561668
0.0 0.403846153846
0.954650601596
0.0 0.403846153846
0.955343641523
0.0 0.403846153846
0.95603668145
0.0 0.403846153846
0.956729721378
0.0 0.403846153846
0.957422761305
0.0 0.403846153846
0.958115801232
0.0 0.384615384615
0.95880884116
0.0 0.384615384615
0.959501881087
0.0 0.365384615385
0.960194921014
0.0 0.365384615385
0.960887960942
0.0 0.365384615385
0.961581000869
0.0188679245283 0.365384615385
0.962274040796
0.0188679245283 0.365384615385
0.962967080724
0.0188679245283 0.365384615385
0.963660120651
0.037037037037 0.365384615385
0.964353160578
0.037037037037 0.365384615385
0.965046200505
0.037037037037 0.346153846154
0.965739240433
0.0545454545455 0.346153846154
0.96643228036
0.0545454545455 0.346153846154
0.967125320287
0.0545454545455 0.346153846154
0.967818360215
0.0545454545455 0.346153846154
0.968511400142
0.0545454545455 0.346153846154
0.969204440069
0.0714285714286 0.346153846154
0.969897479997
0.103448275862 0.346153846154
0.970590519924
0.103448275862 0.346153846154
0.971283559851
0.103448275862 0.346153846154
0.971976599779
0.103448275862 0.346153846154
0.972669639706
0.103448275862 0.346153846154
0.973362679633
0.118644067797 0.346153846154
0.974055719561
0.133333333333 0.346153846154
0.974748759488
0.133333333333 0.346153846154
0.975441799415
0.133333333333 0.346153846154
0.976134839343
0.147540983607 0.346153846154
0.97682787927
0.1875 0.346153846154
0.977520919197
0.223880597015 0.326923076923
0.978213959125
0.223880597015 0.326923076923
0.978906999052
0.223880597015 0.326923076923
0.979600038979
0.246376811594 0.326923076923
0.980293078907
0.287671232877 0.326923076923
0.980986118834
0.287671232877 0.326923076923
0.981679158761
0.315789473684 0.326923076923
0.982372198689
0.341772151899 0.326923076923
0.983065238616
0.373493975904 0.326923076923
0.983758278543
0.395348837209 0.326923076923
0.984451318471
0.428571428571 0.326923076923
0.985144358398
0.452631578947 0.307692307692
0.985837398325
0.463917525773 0.307692307692
0.986530438253
0.495145631068 0.307692307692
0.98722347818
0.531531531532 0.269230769231
0.987916518107
0.547826086957 0.25
0.988609558034
0.596899224806 0.230769230769
0.989302597962
0.623188405797 0.230769230769
0.989995637889
0.657894736842 0.230769230769
0.990688677816
0.67701863354 0.192307692308
0.991381717744
0.686746987952 0.192307692308
0.992074757671
0.706214689266 0.192307692308
0.992767797598
0.723404255319 0.173076923077
0.993460837526
0.736040609137 0.153846153846
0.994153877453
0.757009345794 0.134615384615
0.99484691738
0.766816143498 0.134615384615
0.995539957308
0.776824034335 0.134615384615
0.996232997235
0.777777777778 0.134615384615
0.996926037162
0.7805907173 0.134615384615
0.99761907709
0.782426778243 0.134615384615
0.998312117017
0.782426778243 0.134615384615
dvec
0.315789473684 0.326923076923 0.981679158761
