0.929701164212
0.0 1.0
0.930394204139
0.0 0.980769230769
0.931087244067
0.0 0.980769230769
0.931780283994
0.0 0.961538461538
0.932473323921
0.0 0.942307692308
0.933166363849
0.0 0.942307692308
0.933859403776
0.0 0.923076923077
0.934552443703
0.0 0.903846153846
0.935245483631
0.0 0.903846153846
0.935938523558
0.0 0.884615384615
0.936631563485
0.0 0.884615384615
0.937324603413
0.0 0.865384615385
0.93801764334
0.0 0.826923076923
0.938710683267
0.0 0.807692307692
0.939403723195
0.0 0.788461538462
0.940096763122
0.0 0.769230769231
0.940789803049
0.0 0.75
0.941482842976
0.0 0.75
0.942175882904
0.0 0.75
0.942868922831
0.0 0.730769230769
0.943561962758
0.0 0.711538461538
0.944255002686
0.0188679245283 0.711538461538
0.944948042613
0.0188679245283 0.692307692308
0.94564108254
0.0188679245283 0.673076923077
0.946334122468
0.037037037037 0.673076923077
0.947027162395
0.037037037037 0.673076923077
0.947720202322
0.037037037037 0.653846153846
0.94841324225
0.037037037037 0.653846153846
0.949106282177
0.037037037037 0.634615384615
0.949799322104
0.037037037037 0.634615384615
0.950492362032
0.037037037037 0.634615384615
0.951185401959
0.0714285714286 0.576923076923
0.951878441886
0.0714285714286 0.576923076923
0.952571481814
0.0714285714286 0.538461538462
0.953264521741
0.0714285714286 0.538461538462
0.953957561668
0.0714285714286 0.538461538462
0.954650601596
0.0714285714286 0.538461538462
0.955343641523
0.0714285714286 0.538461538462
0.95603668145
0.0714285714286 0.538461538462
0.956729721378
0.0714285714286 0.538461538462
0.957422761305
0.0714285714286 0.538461538462
0.958115801232
0.0714285714286 0.519230769231
0.95880884116
0.0714285714286 0.519230769231
0.959501881087
0.0714285714286 0.5
0.960194921014
0.0714285714286 0.5
0.960887960942
0.0714285714286 0.5
0.961581000869
0.0877192982456 0.5
0.962274040796
0.0877192982456 0.5
0.962967080724
0.0877192982456 0.5
0.963660120651
0.103448275862 0.5
0.964353160578
0.103448275862 0.5
0.965046200505
0.103448275862 0.480769230769
0.965739240433
0.118644067797 0.480769230769
0.96643228036
0.118644067797 0.480769230769
0.967125320287
0.118644067797 0.480769230769
0.967818360215
0.118644067797 0.480769230769
0.968511400142
0.118644067797 0.480769230769
0.969204440069
0.133333333333 0.480769230769
0.969897479997
0.161290322581 0.480769230769
0.970590519924
0.161290322581 0.480769230769
0.971283559851
0.161290322581 0.480769230769
0.971976599779
0.161290322581 0.480769230769
0.972669639706
0.161290322581 0.480769230769
0.973362679633
0.174603174603 0.480769230769
0.974055719561
0.1875 0.480769230769
0.974748759488
0.1875 0.480769230769
0.975441799415
0.1875 0.480769230769
0.976134839343
0.2 0.480769230769
0.97682787927
0.235294117647 0.480769230769
0.977520919197
0.277777777778 0.480769230769
0.978213959125
0.277777777778 0.480769230769
0.978906999052
0.277777777778 0.480769230769
0.979600038979
0.297297297297 0.480769230769
0.980293078907
0.333333333333 0.480769230769
0.980986118834
0.333333333333 0.480769230769
0.981679158761
0.358024691358 0.480769230769
0.982372198689
0.380952380952 0.480769230769
0.983065238616
0.409090909091 0.480769230769
0.983758278543
0.440860215054 0.480769230769
0.984451318471
0.469387755102 0.480769230769
0.985144358398
0.5 0.480769230769
0.985837398325
0.514018691589 0.480769230769
0.986530438253
0.543859649123 0.480769230769
0.98722347818
0.584 0.480769230769
0.987916518107
0.603053435115 0.480769230769
0.988609558034
0.648648648649 0.480769230769
0.989302597962
0.670886075949 0.480769230769
0.989995637889
0.699421965318 0.480769230769
0.990688677816
0.718918918919 0.480769230769
0.991381717744
0.726315789474 0.480769230769
0.992074757671
0.741293532338 0.480769230769
0.992767797598
0.759259259259 0.480769230769
0.993460837526
0.771929824561 0.480769230769
0.994153877453
0.790322580645 0.480769230769
0.99484691738
0.79766536965 0.480769230769
0.995539957308
0.806691449814 0.480769230769
0.996232997235
0.807407407407 0.480769230769
0.996926037162
0.810909090909 0.480769230769
0.99761907709
0.812274368231 0.480769230769
0.998312117017
0.812274368231 0.480769230769
dvec
0.469387755102 0.480769230769 0.984451318471
